<?xml version="1.0" encoding="UTF-8"?>
<coverage generated="1591181644485" clover="3.2.0">
  <project timestamp="1591181644485" name="All files">
    <metrics statements="58" coveredstatements="56" conditionals="19" coveredconditionals="19" methods="26" coveredmethods="25" elements="103" coveredelements="100" complexity="0" loc="58" ncloc="58" packages="4" files="20" classes="20"/>
    <package name="src">
      <metrics statements="4" coveredstatements="2" conditionals="0" coveredconditionals="0" methods="2" coveredmethods="1"/>
      <file name="App.jsx" path="/Users/eliz/Documents/projects/remote-roofing-test/src/App.jsx">
        <metrics statements="1" coveredstatements="0" conditionals="0" coveredconditionals="0" methods="1" coveredmethods="0"/>
        <line num="7" count="0" type="stmt"/>
      </file>
      <file name="Routes.jsx" path="/Users/eliz/Documents/projects/remote-roofing-test/src/Routes.jsx">
        <metrics statements="2" coveredstatements="2" conditionals="0" coveredconditionals="0" methods="1" coveredmethods="1"/>
        <line num="6" count="1" type="stmt"/>
        <line num="7" count="1" type="stmt"/>
      </file>
      <file name="index.jsx" path="/Users/eliz/Documents/projects/remote-roofing-test/src/index.jsx">
        <metrics statements="1" coveredstatements="0" conditionals="0" coveredconditionals="0" methods="0" coveredmethods="0"/>
        <line num="6" count="0" type="stmt"/>
      </file>
    </package>
    <package name="src.components">
      <metrics statements="33" coveredstatements="33" conditionals="19" coveredconditionals="19" methods="15" coveredmethods="15"/>
      <file name="Container.jsx" path="/Users/eliz/Documents/projects/remote-roofing-test/src/components/Container.jsx">
        <metrics statements="2" coveredstatements="2" conditionals="0" coveredconditionals="0" methods="1" coveredmethods="1"/>
        <line num="3" count="7" type="stmt"/>
        <line num="4" count="40" type="stmt"/>
      </file>
      <file name="Content.jsx" path="/Users/eliz/Documents/projects/remote-roofing-test/src/components/Content.jsx">
        <metrics statements="10" coveredstatements="10" conditionals="17" coveredconditionals="17" methods="3" coveredmethods="3"/>
        <line num="8" count="7" type="cond" truecount="1" falsecount="0"/>
        <line num="9" count="24" type="stmt"/>
        <line num="10" count="24" type="stmt"/>
        <line num="11" count="24" type="stmt"/>
        <line num="19" count="30" type="cond" truecount="2" falsecount="0"/>
        <line num="24" count="10" type="cond" truecount="2" falsecount="0"/>
        <line num="25" count="1" type="stmt"/>
        <line num="27" count="9" type="cond" truecount="2" falsecount="0"/>
        <line num="28" count="6" type="cond" truecount="2" falsecount="0"/>
        <line num="30" count="3" type="cond" truecount="2" falsecount="0"/>
      </file>
      <file name="DisplayGrid.jsx" path="/Users/eliz/Documents/projects/remote-roofing-test/src/components/DisplayGrid.jsx">
        <metrics statements="3" coveredstatements="3" conditionals="0" coveredconditionals="0" methods="2" coveredmethods="2"/>
        <line num="4" count="7" type="stmt"/>
        <line num="5" count="7" type="stmt"/>
        <line num="8" count="13" type="stmt"/>
      </file>
      <file name="ErrorDisplay.jsx" path="/Users/eliz/Documents/projects/remote-roofing-test/src/components/ErrorDisplay.jsx">
        <metrics statements="2" coveredstatements="2" conditionals="0" coveredconditionals="0" methods="1" coveredmethods="1"/>
        <line num="3" count="7" type="stmt"/>
        <line num="4" count="2" type="stmt"/>
      </file>
      <file name="Footer.jsx" path="/Users/eliz/Documents/projects/remote-roofing-test/src/components/Footer.jsx">
        <metrics statements="3" coveredstatements="3" conditionals="0" coveredconditionals="0" methods="1" coveredmethods="1"/>
        <line num="12" count="7" type="stmt"/>
        <line num="14" count="3" type="stmt"/>
        <line num="15" count="3" type="stmt"/>
      </file>
      <file name="Header.jsx" path="/Users/eliz/Documents/projects/remote-roofing-test/src/components/Header.jsx">
        <metrics statements="2" coveredstatements="2" conditionals="0" coveredconditionals="0" methods="1" coveredmethods="1"/>
        <line num="5" count="7" type="stmt"/>
        <line num="6" count="3" type="stmt"/>
      </file>
      <file name="HomeTile.jsx" path="/Users/eliz/Documents/projects/remote-roofing-test/src/components/HomeTile.jsx">
        <metrics statements="2" coveredstatements="2" conditionals="2" coveredconditionals="2" methods="1" coveredmethods="1"/>
        <line num="5" count="7" type="stmt"/>
        <line num="6" count="4" type="stmt"/>
      </file>
      <file name="Loader.jsx" path="/Users/eliz/Documents/projects/remote-roofing-test/src/components/Loader.jsx">
        <metrics statements="3" coveredstatements="3" conditionals="0" coveredconditionals="0" methods="2" coveredmethods="2"/>
        <line num="4" count="7" type="stmt"/>
        <line num="5" count="8" type="stmt"/>
        <line num="11" count="32" type="stmt"/>
      </file>
      <file name="Section.jsx" path="/Users/eliz/Documents/projects/remote-roofing-test/src/components/Section.jsx">
        <metrics statements="2" coveredstatements="2" conditionals="0" coveredconditionals="0" methods="1" coveredmethods="1"/>
        <line num="3" count="7" type="stmt"/>
        <line num="4" count="1" type="stmt"/>
      </file>
      <file name="SubHeader.jsx" path="/Users/eliz/Documents/projects/remote-roofing-test/src/components/SubHeader.jsx">
        <metrics statements="2" coveredstatements="2" conditionals="0" coveredconditionals="0" methods="1" coveredmethods="1"/>
        <line num="4" count="7" type="stmt"/>
        <line num="5" count="5" type="stmt"/>
      </file>
      <file name="Tile.jsx" path="/Users/eliz/Documents/projects/remote-roofing-test/src/components/Tile.jsx">
        <metrics statements="2" coveredstatements="2" conditionals="0" coveredconditionals="0" methods="1" coveredmethods="1"/>
        <line num="3" count="7" type="stmt"/>
        <line num="4" count="14" type="stmt"/>
      </file>
      <file name="index.js" path="/Users/eliz/Documents/projects/remote-roofing-test/src/components/index.js">
        <metrics statements="0" coveredstatements="0" conditionals="0" coveredconditionals="0" methods="0" coveredmethods="0"/>
      </file>
    </package>
    <package name="src.contexts">
      <metrics statements="15" coveredstatements="15" conditionals="0" coveredconditionals="0" methods="6" coveredmethods="6"/>
      <file name="index.js" path="/Users/eliz/Documents/projects/remote-roofing-test/src/contexts/index.js">
        <metrics statements="15" coveredstatements="15" conditionals="0" coveredconditionals="0" methods="6" coveredmethods="6"/>
        <line num="2" count="8" type="stmt"/>
        <line num="4" count="8" type="stmt"/>
        <line num="5" count="24" type="stmt"/>
        <line num="6" count="24" type="stmt"/>
        <line num="7" count="8" type="stmt"/>
        <line num="8" count="8" type="stmt"/>
        <line num="9" count="8" type="stmt"/>
        <line num="10" count="8" type="stmt"/>
        <line num="13" count="5" type="stmt"/>
        <line num="14" count="5" type="stmt"/>
        <line num="16" count="3" type="stmt"/>
        <line num="17" count="3" type="stmt"/>
        <line num="20" count="8" type="stmt"/>
        <line num="23" count="24" type="stmt"/>
        <line num="25" count="30" type="stmt"/>
      </file>
    </package>
    <package name="src.pages">
      <metrics statements="6" coveredstatements="6" conditionals="0" coveredconditionals="0" methods="3" coveredmethods="3"/>
      <file name="Home.jsx" path="/Users/eliz/Documents/projects/remote-roofing-test/src/pages/Home.jsx">
        <metrics statements="2" coveredstatements="2" conditionals="0" coveredconditionals="0" methods="1" coveredmethods="1"/>
        <line num="4" count="1" type="stmt"/>
        <line num="5" count="2" type="stmt"/>
      </file>
      <file name="Movies.jsx" path="/Users/eliz/Documents/projects/remote-roofing-test/src/pages/Movies.jsx">
        <metrics statements="2" coveredstatements="2" conditionals="0" coveredconditionals="0" methods="1" coveredmethods="1"/>
        <line num="4" count="1" type="stmt"/>
        <line num="5" count="1" type="stmt"/>
      </file>
      <file name="Series.jsx" path="/Users/eliz/Documents/projects/remote-roofing-test/src/pages/Series.jsx">
        <metrics statements="2" coveredstatements="2" conditionals="0" coveredconditionals="0" methods="1" coveredmethods="1"/>
        <line num="4" count="1" type="stmt"/>
        <line num="5" count="1" type="stmt"/>
      </file>
      <file name="index.js" path="/Users/eliz/Documents/projects/remote-roofing-test/src/pages/index.js">
        <metrics statements="0" coveredstatements="0" conditionals="0" coveredconditionals="0" methods="0" coveredmethods="0"/>
      </file>
    </package>
  </project>
</coverage>
