{"/Users/eliz/Documents/projects/remote-roofing-test/src/App.jsx": {"path":"/Users/eliz/Documents/projects/remote-roofing-test/src/App.jsx","statementMap":{"0":{"start":{"line":7,"column":2},"end":{"line":11,"column":3}}},"fnMap":{"0":{"name":"App","decl":{"start":{"line":6,"column":9},"end":{"line":6,"column":12}},"loc":{"start":{"line":6,"column":15},"end":{"line":12,"column":1}},"line":6}},"branchMap":{},"s":{"0":0},"f":{"0":0},"b":{},"hash":"92b16454fb0fe8b6428b5a8642672838740b6af5"}
,"/Users/eliz/Documents/projects/remote-roofing-test/src/Routes.jsx": {"path":"/Users/eliz/Documents/projects/remote-roofing-test/src/Routes.jsx","statementMap":{"0":{"start":{"line":6,"column":22},"end":{"line":26,"column":1}},"1":{"start":{"line":7,"column":2},"end":{"line":25,"column":3}}},"fnMap":{"0":{"name":"(anonymous_0)","decl":{"start":{"line":6,"column":22},"end":{"line":6,"column":23}},"loc":{"start":{"line":6,"column":28},"end":{"line":26,"column":1}},"line":6}},"branchMap":{},"s":{"0":1,"1":1},"f":{"0":1},"b":{},"_coverageSchema":"43e27e138ebf9cfc5966b082cf9a028302ed4184","hash":"ec0a5a4c692f590e86362f4ac3b3be0524575352"}
,"/Users/eliz/Documents/projects/remote-roofing-test/src/index.jsx": {"path":"/Users/eliz/Documents/projects/remote-roofing-test/src/index.jsx","statementMap":{"0":{"start":{"line":6,"column":0},"end":{"line":11,"column":1}}},"fnMap":{},"branchMap":{},"s":{"0":0},"f":{},"b":{},"hash":"4691af8c5ea3eb0b0f148dad431c90248d3a922b"}
,"/Users/eliz/Documents/projects/remote-roofing-test/src/components/Container.jsx": {"path":"/Users/eliz/Documents/projects/remote-roofing-test/src/components/Container.jsx","statementMap":{"0":{"start":{"line":3,"column":25},"end":{"line":5,"column":1}},"1":{"start":{"line":4,"column":2},"end":{"line":4,"column":65}}},"fnMap":{"0":{"name":"(anonymous_0)","decl":{"start":{"line":3,"column":25},"end":{"line":3,"column":26}},"loc":{"start":{"line":3,"column":43},"end":{"line":5,"column":1}},"line":3}},"branchMap":{},"s":{"0":7,"1":40},"f":{"0":40},"b":{},"_coverageSchema":"43e27e138ebf9cfc5966b082cf9a028302ed4184","hash":"a095c84737f115c8156e75862f334b98d0e863cb"}
,"/Users/eliz/Documents/projects/remote-roofing-test/src/components/Content.jsx": {"path":"/Users/eliz/Documents/projects/remote-roofing-test/src/components/Content.jsx","statementMap":{"0":{"start":{"line":8,"column":23},"end":{"line":39,"column":1}},"1":{"start":{"line":9,"column":20},"end":{"line":9,"column":30}},"2":{"start":{"line":10,"column":27},"end":{"line":10,"column":32}},"3":{"start":{"line":11,"column":2},"end":{"line":38,"column":3}},"4":{"start":{"line":19,"column":18},"end":{"line":20,"column":43}},"5":{"start":{"line":24,"column":16},"end":{"line":26,"column":17}},"6":{"start":{"line":25,"column":18},"end":{"line":25,"column":26}},"7":{"start":{"line":27,"column":16},"end":{"line":29,"column":17}},"8":{"start":{"line":28,"column":18},"end":{"line":28,"column":61}},"9":{"start":{"line":30,"column":16},"end":{"line":30,"column":73}}},"fnMap":{"0":{"name":"(anonymous_0)","decl":{"start":{"line":8,"column":23},"end":{"line":8,"column":24}},"loc":{"start":{"line":8,"column":64},"end":{"line":39,"column":1}},"line":8},"1":{"name":"(anonymous_1)","decl":{"start":{"line":18,"column":16},"end":{"line":18,"column":17}},"loc":{"start":{"line":19,"column":18},"end":{"line":20,"column":43}},"line":19},"2":{"name":"(anonymous_2)","decl":{"start":{"line":23,"column":20},"end":{"line":23,"column":21}},"loc":{"start":{"line":23,"column":40},"end":{"line":31,"column":15}},"line":23}},"branchMap":{"0":{"loc":{"start":{"line":8,"column":40},"end":{"line":8,"column":57}},"type":"default-arg","locations":[{"start":{"line":8,"column":55},"end":{"line":8,"column":57}}],"line":8},"1":{"loc":{"start":{"line":14,"column":9},"end":{"line":33,"column":9}},"type":"binary-expr","locations":[{"start":{"line":14,"column":9},"end":{"line":14,"column":29}},{"start":{"line":15,"column":10},"end":{"line":32,"column":12}}],"line":14},"2":{"loc":{"start":{"line":19,"column":18},"end":{"line":20,"column":43}},"type":"binary-expr","locations":[{"start":{"line":19,"column":18},"end":{"line":19,"column":52}},{"start":{"line":20,"column":18},"end":{"line":20,"column":43}}],"line":19},"3":{"loc":{"start":{"line":24,"column":16},"end":{"line":26,"column":17}},"type":"if","locations":[{"start":{"line":24,"column":16},"end":{"line":26,"column":17}},{"start":{"line":24,"column":16},"end":{"line":26,"column":17}}],"line":24},"4":{"loc":{"start":{"line":27,"column":16},"end":{"line":29,"column":17}},"type":"if","locations":[{"start":{"line":27,"column":16},"end":{"line":29,"column":17}},{"start":{"line":27,"column":16},"end":{"line":29,"column":17}}],"line":27},"5":{"loc":{"start":{"line":28,"column":25},"end":{"line":28,"column":61}},"type":"cond-expr","locations":[{"start":{"line":28,"column":55},"end":{"line":28,"column":57}},{"start":{"line":28,"column":60},"end":{"line":28,"column":61}}],"line":28},"6":{"loc":{"start":{"line":30,"column":23},"end":{"line":30,"column":73}},"type":"cond-expr","locations":[{"start":{"line":30,"column":67},"end":{"line":30,"column":69}},{"start":{"line":30,"column":72},"end":{"line":30,"column":73}}],"line":30},"7":{"loc":{"start":{"line":34,"column":9},"end":{"line":34,"column":43}},"type":"binary-expr","locations":[{"start":{"line":34,"column":9},"end":{"line":34,"column":29}},{"start":{"line":34,"column":33},"end":{"line":34,"column":43}}],"line":34},"8":{"loc":{"start":{"line":35,"column":9},"end":{"line":35,"column":47}},"type":"binary-expr","locations":[{"start":{"line":35,"column":9},"end":{"line":35,"column":27}},{"start":{"line":35,"column":31},"end":{"line":35,"column":47}}],"line":35}},"s":{"0":7,"1":24,"2":24,"3":24,"4":30,"5":10,"6":1,"7":9,"8":6,"9":3},"f":{"0":24,"1":30,"2":10},"b":{"0":[15],"1":[24,7],"2":[30,17],"3":[1,9],"4":[6,3],"5":[4,2],"6":[2,1],"7":[24,8],"8":[24,2]},"_coverageSchema":"43e27e138ebf9cfc5966b082cf9a028302ed4184","hash":"f9f098b745ae455638cdd554ee75125b32f9a59f"}
,"/Users/eliz/Documents/projects/remote-roofing-test/src/components/DisplayGrid.jsx": {"path":"/Users/eliz/Documents/projects/remote-roofing-test/src/components/DisplayGrid.jsx","statementMap":{"0":{"start":{"line":4,"column":27},"end":{"line":17,"column":1}},"1":{"start":{"line":5,"column":2},"end":{"line":16,"column":3}},"2":{"start":{"line":8,"column":8},"end":{"line":13,"column":10}}},"fnMap":{"0":{"name":"(anonymous_0)","decl":{"start":{"line":4,"column":27},"end":{"line":4,"column":28}},"loc":{"start":{"line":4,"column":44},"end":{"line":17,"column":1}},"line":4},"1":{"name":"(anonymous_1)","decl":{"start":{"line":7,"column":19},"end":{"line":7,"column":20}},"loc":{"start":{"line":8,"column":8},"end":{"line":13,"column":10}},"line":8}},"branchMap":{},"s":{"0":7,"1":7,"2":13},"f":{"0":7,"1":13},"b":{},"_coverageSchema":"43e27e138ebf9cfc5966b082cf9a028302ed4184","hash":"8b2a062848d7db3e1d1907481dd7aae77d5a6679"}
,"/Users/eliz/Documents/projects/remote-roofing-test/src/components/ErrorDisplay.jsx": {"path":"/Users/eliz/Documents/projects/remote-roofing-test/src/components/ErrorDisplay.jsx","statementMap":{"0":{"start":{"line":3,"column":28},"end":{"line":9,"column":1}},"1":{"start":{"line":4,"column":2},"end":{"line":8,"column":3}}},"fnMap":{"0":{"name":"(anonymous_0)","decl":{"start":{"line":3,"column":28},"end":{"line":3,"column":29}},"loc":{"start":{"line":3,"column":34},"end":{"line":9,"column":1}},"line":3}},"branchMap":{},"s":{"0":7,"1":2},"f":{"0":2},"b":{},"_coverageSchema":"43e27e138ebf9cfc5966b082cf9a028302ed4184","hash":"49daf3c8c250d6e05f0da77cf22d7c52745dcd30"}
,"/Users/eliz/Documents/projects/remote-roofing-test/src/components/Footer.jsx": {"path":"/Users/eliz/Documents/projects/remote-roofing-test/src/components/Footer.jsx","statementMap":{"0":{"start":{"line":12,"column":22},"end":{"line":103,"column":1}},"1":{"start":{"line":14,"column":4},"end":{"line":14,"column":90}},"2":{"start":{"line":15,"column":2},"end":{"line":102,"column":3}}},"fnMap":{"0":{"name":"(anonymous_0)","decl":{"start":{"line":12,"column":22},"end":{"line":12,"column":23}},"loc":{"start":{"line":12,"column":28},"end":{"line":103,"column":1}},"line":12}},"branchMap":{},"s":{"0":7,"1":3,"2":3},"f":{"0":3},"b":{},"_coverageSchema":"43e27e138ebf9cfc5966b082cf9a028302ed4184","hash":"5a2466c1996243b6e7eaa24a233f2766ed8807b0"}
,"/Users/eliz/Documents/projects/remote-roofing-test/src/components/Header.jsx": {"path":"/Users/eliz/Documents/projects/remote-roofing-test/src/components/Header.jsx","statementMap":{"0":{"start":{"line":5,"column":22},"end":{"line":28,"column":1}},"1":{"start":{"line":6,"column":2},"end":{"line":27,"column":3}}},"fnMap":{"0":{"name":"(anonymous_0)","decl":{"start":{"line":5,"column":22},"end":{"line":5,"column":23}},"loc":{"start":{"line":5,"column":28},"end":{"line":28,"column":1}},"line":5}},"branchMap":{},"s":{"0":7,"1":3},"f":{"0":3},"b":{},"_coverageSchema":"43e27e138ebf9cfc5966b082cf9a028302ed4184","hash":"15fcb41c686a3a2ffe9a73afa323a664c854380d"}
,"/Users/eliz/Documents/projects/remote-roofing-test/src/components/HomeTile.jsx": {"path":"/Users/eliz/Documents/projects/remote-roofing-test/src/components/HomeTile.jsx","statementMap":{"0":{"start":{"line":5,"column":24},"end":{"line":31,"column":1}},"1":{"start":{"line":6,"column":2},"end":{"line":30,"column":3}}},"fnMap":{"0":{"name":"(anonymous_0)","decl":{"start":{"line":5,"column":24},"end":{"line":5,"column":25}},"loc":{"start":{"line":5,"column":45},"end":{"line":31,"column":1}},"line":5}},"branchMap":{"0":{"loc":{"start":{"line":26,"column":25},"end":{"line":26,"column":70}},"type":"cond-expr","locations":[{"start":{"line":26,"column":52},"end":{"line":26,"column":60}},{"start":{"line":26,"column":63},"end":{"line":26,"column":70}}],"line":26}},"s":{"0":7,"1":4},"f":{"0":4},"b":{"0":[2,2]},"_coverageSchema":"43e27e138ebf9cfc5966b082cf9a028302ed4184","hash":"bd072048f9929bae687879648dfa137f8bab4f71"}
,"/Users/eliz/Documents/projects/remote-roofing-test/src/components/Loader.jsx": {"path":"/Users/eliz/Documents/projects/remote-roofing-test/src/components/Loader.jsx","statementMap":{"0":{"start":{"line":4,"column":22},"end":{"line":30,"column":1}},"1":{"start":{"line":5,"column":2},"end":{"line":29,"column":3}},"2":{"start":{"line":11,"column":8},"end":{"line":26,"column":14}}},"fnMap":{"0":{"name":"(anonymous_0)","decl":{"start":{"line":4,"column":22},"end":{"line":4,"column":23}},"loc":{"start":{"line":4,"column":28},"end":{"line":30,"column":1}},"line":4},"1":{"name":"(anonymous_1)","decl":{"start":{"line":10,"column":25},"end":{"line":10,"column":26}},"loc":{"start":{"line":11,"column":8},"end":{"line":26,"column":14}},"line":11}},"branchMap":{},"s":{"0":7,"1":8,"2":32},"f":{"0":8,"1":32},"b":{},"_coverageSchema":"43e27e138ebf9cfc5966b082cf9a028302ed4184","hash":"9aaeda1f9dcc9bc22faa76c17ae479ac337f39e7"}
,"/Users/eliz/Documents/projects/remote-roofing-test/src/components/Section.jsx": {"path":"/Users/eliz/Documents/projects/remote-roofing-test/src/components/Section.jsx","statementMap":{"0":{"start":{"line":3,"column":23},"end":{"line":5,"column":1}},"1":{"start":{"line":4,"column":2},"end":{"line":4,"column":77}}},"fnMap":{"0":{"name":"(anonymous_0)","decl":{"start":{"line":3,"column":23},"end":{"line":3,"column":24}},"loc":{"start":{"line":3,"column":41},"end":{"line":5,"column":1}},"line":3}},"branchMap":{},"s":{"0":7,"1":1},"f":{"0":1},"b":{},"_coverageSchema":"43e27e138ebf9cfc5966b082cf9a028302ed4184","hash":"f772bbb5acc52a1490b9ccd2f570742e00988750"}
,"/Users/eliz/Documents/projects/remote-roofing-test/src/components/SubHeader.jsx": {"path":"/Users/eliz/Documents/projects/remote-roofing-test/src/components/SubHeader.jsx","statementMap":{"0":{"start":{"line":4,"column":25},"end":{"line":12,"column":1}},"1":{"start":{"line":5,"column":2},"end":{"line":11,"column":3}}},"fnMap":{"0":{"name":"(anonymous_0)","decl":{"start":{"line":4,"column":25},"end":{"line":4,"column":26}},"loc":{"start":{"line":4,"column":39},"end":{"line":12,"column":1}},"line":4}},"branchMap":{},"s":{"0":7,"1":5},"f":{"0":5},"b":{},"_coverageSchema":"43e27e138ebf9cfc5966b082cf9a028302ed4184","hash":"ee223625422fae7604f4dece2f64584d5490a7af"}
,"/Users/eliz/Documents/projects/remote-roofing-test/src/components/Tile.jsx": {"path":"/Users/eliz/Documents/projects/remote-roofing-test/src/components/Tile.jsx","statementMap":{"0":{"start":{"line":3,"column":20},"end":{"line":26,"column":1}},"1":{"start":{"line":4,"column":2},"end":{"line":25,"column":3}}},"fnMap":{"0":{"name":"(anonymous_0)","decl":{"start":{"line":3,"column":20},"end":{"line":3,"column":21}},"loc":{"start":{"line":3,"column":48},"end":{"line":26,"column":1}},"line":3}},"branchMap":{},"s":{"0":7,"1":14},"f":{"0":14},"b":{},"_coverageSchema":"43e27e138ebf9cfc5966b082cf9a028302ed4184","hash":"8c05e1d752f146fd8c656a9f3a1be660d8772574"}
,"/Users/eliz/Documents/projects/remote-roofing-test/src/components/index.js": {"path":"/Users/eliz/Documents/projects/remote-roofing-test/src/components/index.js","statementMap":{},"fnMap":{},"branchMap":{},"s":{},"f":{},"b":{},"_coverageSchema":"43e27e138ebf9cfc5966b082cf9a028302ed4184","hash":"f05a1d08712eb53395d209816cbbfcdb1ec0c164"}
,"/Users/eliz/Documents/projects/remote-roofing-test/src/contexts/index.js": {"path":"/Users/eliz/Documents/projects/remote-roofing-test/src/contexts/index.js","statementMap":{"0":{"start":{"line":2,"column":19},"end":{"line":2,"column":44}},"1":{"start":{"line":4,"column":27},"end":{"line":24,"column":1}},"2":{"start":{"line":5,"column":28},"end":{"line":5,"column":68}},"3":{"start":{"line":6,"column":2},"end":{"line":21,"column":8}},"4":{"start":{"line":7,"column":22},"end":{"line":19,"column":5}},"5":{"start":{"line":8,"column":6},"end":{"line":8,"column":66}},"6":{"start":{"line":8,"column":26},"end":{"line":8,"column":64}},"7":{"start":{"line":9,"column":6},"end":{"line":18,"column":7}},"8":{"start":{"line":10,"column":25},"end":{"line":12,"column":9}},"9":{"start":{"line":13,"column":21},"end":{"line":13,"column":42}},"10":{"start":{"line":14,"column":8},"end":{"line":14,"column":45}},"11":{"start":{"line":16,"column":8},"end":{"line":16,"column":38}},"12":{"start":{"line":17,"column":8},"end":{"line":17,"column":66}},"13":{"start":{"line":17,"column":28},"end":{"line":17,"column":64}},"14":{"start":{"line":20,"column":4},"end":{"line":20,"column":15}},"15":{"start":{"line":23,"column":2},"end":{"line":23,"column":80}},"16":{"start":{"line":25,"column":24},"end":{"line":25,"column":52}},"17":{"start":{"line":25,"column":30},"end":{"line":25,"column":52}}},"fnMap":{"0":{"name":"(anonymous_0)","decl":{"start":{"line":4,"column":27},"end":{"line":4,"column":28}},"loc":{"start":{"line":4,"column":45},"end":{"line":24,"column":1}},"line":4},"1":{"name":"(anonymous_1)","decl":{"start":{"line":6,"column":12},"end":{"line":6,"column":13}},"loc":{"start":{"line":6,"column":18},"end":{"line":21,"column":3}},"line":6},"2":{"name":"(anonymous_2)","decl":{"start":{"line":7,"column":22},"end":{"line":7,"column":23}},"loc":{"start":{"line":7,"column":34},"end":{"line":19,"column":5}},"line":7},"3":{"name":"(anonymous_3)","decl":{"start":{"line":8,"column":15},"end":{"line":8,"column":16}},"loc":{"start":{"line":8,"column":26},"end":{"line":8,"column":64}},"line":8},"4":{"name":"(anonymous_4)","decl":{"start":{"line":17,"column":17},"end":{"line":17,"column":18}},"loc":{"start":{"line":17,"column":28},"end":{"line":17,"column":64}},"line":17},"5":{"name":"(anonymous_5)","decl":{"start":{"line":25,"column":24},"end":{"line":25,"column":25}},"loc":{"start":{"line":25,"column":30},"end":{"line":25,"column":52}},"line":25}},"branchMap":{},"s":{"0":8,"1":8,"2":24,"3":24,"4":8,"5":8,"6":8,"7":8,"8":8,"9":5,"10":5,"11":3,"12":3,"13":3,"14":8,"15":24,"16":8,"17":30},"f":{"0":24,"1":8,"2":8,"3":8,"4":3,"5":30},"b":{},"_coverageSchema":"43e27e138ebf9cfc5966b082cf9a028302ed4184","hash":"9d971ae8c896076a8926b4d903a8f722b23e822b"}
,"/Users/eliz/Documents/projects/remote-roofing-test/src/pages/Home.jsx": {"path":"/Users/eliz/Documents/projects/remote-roofing-test/src/pages/Home.jsx","statementMap":{"0":{"start":{"line":4,"column":20},"end":{"line":12,"column":1}},"1":{"start":{"line":5,"column":2},"end":{"line":11,"column":3}}},"fnMap":{"0":{"name":"(anonymous_0)","decl":{"start":{"line":4,"column":20},"end":{"line":4,"column":21}},"loc":{"start":{"line":4,"column":26},"end":{"line":12,"column":1}},"line":4}},"branchMap":{},"s":{"0":1,"1":2},"f":{"0":2},"b":{},"_coverageSchema":"43e27e138ebf9cfc5966b082cf9a028302ed4184","hash":"54f3f70271154d92e70515b2763953720d0dbcea"}
,"/Users/eliz/Documents/projects/remote-roofing-test/src/pages/Movies.jsx": {"path":"/Users/eliz/Documents/projects/remote-roofing-test/src/pages/Movies.jsx","statementMap":{"0":{"start":{"line":4,"column":22},"end":{"line":11,"column":1}},"1":{"start":{"line":5,"column":2},"end":{"line":10,"column":3}}},"fnMap":{"0":{"name":"(anonymous_0)","decl":{"start":{"line":4,"column":22},"end":{"line":4,"column":23}},"loc":{"start":{"line":4,"column":28},"end":{"line":11,"column":1}},"line":4}},"branchMap":{},"s":{"0":1,"1":1},"f":{"0":1},"b":{},"_coverageSchema":"43e27e138ebf9cfc5966b082cf9a028302ed4184","hash":"d8a1a62d2ae70735150629ba81991750ac73ca8a"}
,"/Users/eliz/Documents/projects/remote-roofing-test/src/pages/Series.jsx": {"path":"/Users/eliz/Documents/projects/remote-roofing-test/src/pages/Series.jsx","statementMap":{"0":{"start":{"line":4,"column":22},"end":{"line":11,"column":1}},"1":{"start":{"line":5,"column":2},"end":{"line":10,"column":3}}},"fnMap":{"0":{"name":"(anonymous_0)","decl":{"start":{"line":4,"column":22},"end":{"line":4,"column":23}},"loc":{"start":{"line":4,"column":28},"end":{"line":11,"column":1}},"line":4}},"branchMap":{},"s":{"0":1,"1":1},"f":{"0":1},"b":{},"_coverageSchema":"43e27e138ebf9cfc5966b082cf9a028302ed4184","hash":"24c43e332c472c8e35b0d38fe26ec031f39d5ff5"}
,"/Users/eliz/Documents/projects/remote-roofing-test/src/pages/index.js": {"path":"/Users/eliz/Documents/projects/remote-roofing-test/src/pages/index.js","statementMap":{},"fnMap":{},"branchMap":{},"s":{},"f":{},"b":{},"_coverageSchema":"43e27e138ebf9cfc5966b082cf9a028302ed4184","hash":"76e7f05d77f413f5c439b224447aaa7e388e5900"}
}
