TN:
SF:/Users/eliz/Documents/projects/remote-roofing-test/src/App.jsx
FN:6,App
FNF:1
FNH:0
FNDA:0,App
DA:7,0
LF:1
LH:0
BRF:0
BRH:0
end_of_record
TN:
SF:/Users/eliz/Documents/projects/remote-roofing-test/src/Routes.jsx
FN:6,(anonymous_0)
FNF:1
FNH:1
FNDA:1,(anonymous_0)
DA:6,1
DA:7,1
LF:2
LH:2
BRF:0
BRH:0
end_of_record
TN:
SF:/Users/eliz/Documents/projects/remote-roofing-test/src/index.jsx
FNF:0
FNH:0
DA:6,0
LF:1
LH:0
BRF:0
BRH:0
end_of_record
TN:
SF:/Users/eliz/Documents/projects/remote-roofing-test/src/components/Container.jsx
FN:3,(anonymous_0)
FNF:1
FNH:1
FNDA:40,(anonymous_0)
DA:3,7
DA:4,40
LF:2
LH:2
BRF:0
BRH:0
end_of_record
TN:
SF:/Users/eliz/Documents/projects/remote-roofing-test/src/components/Content.jsx
FN:8,(anonymous_0)
FN:18,(anonymous_1)
FN:23,(anonymous_2)
FNF:3
FNH:3
FNDA:24,(anonymous_0)
FNDA:30,(anonymous_1)
FNDA:10,(anonymous_2)
DA:8,7
DA:9,24
DA:10,24
DA:11,24
DA:19,30
DA:24,10
DA:25,1
DA:27,9
DA:28,6
DA:30,3
LF:10
LH:10
BRDA:8,0,0,15
BRDA:14,1,0,24
BRDA:14,1,1,7
BRDA:19,2,0,30
BRDA:19,2,1,17
BRDA:24,3,0,1
BRDA:24,3,1,9
BRDA:27,4,0,6
BRDA:27,4,1,3
BRDA:28,5,0,4
BRDA:28,5,1,2
BRDA:30,6,0,2
BRDA:30,6,1,1
BRDA:34,7,0,24
BRDA:34,7,1,8
BRDA:35,8,0,24
BRDA:35,8,1,2
BRF:17
BRH:17
end_of_record
TN:
SF:/Users/eliz/Documents/projects/remote-roofing-test/src/components/DisplayGrid.jsx
FN:4,(anonymous_0)
FN:7,(anonymous_1)
FNF:2
FNH:2
FNDA:7,(anonymous_0)
FNDA:13,(anonymous_1)
DA:4,7
DA:5,7
DA:8,13
LF:3
LH:3
BRF:0
BRH:0
end_of_record
TN:
SF:/Users/eliz/Documents/projects/remote-roofing-test/src/components/ErrorDisplay.jsx
FN:3,(anonymous_0)
FNF:1
FNH:1
FNDA:2,(anonymous_0)
DA:3,7
DA:4,2
LF:2
LH:2
BRF:0
BRH:0
end_of_record
TN:
SF:/Users/eliz/Documents/projects/remote-roofing-test/src/components/Footer.jsx
FN:12,(anonymous_0)
FNF:1
FNH:1
FNDA:3,(anonymous_0)
DA:12,7
DA:14,3
DA:15,3
LF:3
LH:3
BRF:0
BRH:0
end_of_record
TN:
SF:/Users/eliz/Documents/projects/remote-roofing-test/src/components/Header.jsx
FN:5,(anonymous_0)
FNF:1
FNH:1
FNDA:3,(anonymous_0)
DA:5,7
DA:6,3
LF:2
LH:2
BRF:0
BRH:0
end_of_record
TN:
SF:/Users/eliz/Documents/projects/remote-roofing-test/src/components/HomeTile.jsx
FN:5,(anonymous_0)
FNF:1
FNH:1
FNDA:4,(anonymous_0)
DA:5,7
DA:6,4
LF:2
LH:2
BRDA:26,0,0,2
BRDA:26,0,1,2
BRF:2
BRH:2
end_of_record
TN:
SF:/Users/eliz/Documents/projects/remote-roofing-test/src/components/Loader.jsx
FN:4,(anonymous_0)
FN:10,(anonymous_1)
FNF:2
FNH:2
FNDA:8,(anonymous_0)
FNDA:32,(anonymous_1)
DA:4,7
DA:5,8
DA:11,32
LF:3
LH:3
BRF:0
BRH:0
end_of_record
TN:
SF:/Users/eliz/Documents/projects/remote-roofing-test/src/components/Section.jsx
FN:3,(anonymous_0)
FNF:1
FNH:1
FNDA:1,(anonymous_0)
DA:3,7
DA:4,1
LF:2
LH:2
BRF:0
BRH:0
end_of_record
TN:
SF:/Users/eliz/Documents/projects/remote-roofing-test/src/components/SubHeader.jsx
FN:4,(anonymous_0)
FNF:1
FNH:1
FNDA:5,(anonymous_0)
DA:4,7
DA:5,5
LF:2
LH:2
BRF:0
BRH:0
end_of_record
TN:
SF:/Users/eliz/Documents/projects/remote-roofing-test/src/components/Tile.jsx
FN:3,(anonymous_0)
FNF:1
FNH:1
FNDA:14,(anonymous_0)
DA:3,7
DA:4,14
LF:2
LH:2
BRF:0
BRH:0
end_of_record
TN:
SF:/Users/eliz/Documents/projects/remote-roofing-test/src/components/index.js
FNF:0
FNH:0
LF:0
LH:0
BRF:0
BRH:0
end_of_record
TN:
SF:/Users/eliz/Documents/projects/remote-roofing-test/src/contexts/index.js
FN:4,(anonymous_0)
FN:6,(anonymous_1)
FN:7,(anonymous_2)
FN:8,(anonymous_3)
FN:17,(anonymous_4)
FN:25,(anonymous_5)
FNF:6
FNH:6
FNDA:24,(anonymous_0)
FNDA:8,(anonymous_1)
FNDA:8,(anonymous_2)
FNDA:8,(anonymous_3)
FNDA:3,(anonymous_4)
FNDA:30,(anonymous_5)
DA:2,8
DA:4,8
DA:5,24
DA:6,24
DA:7,8
DA:8,8
DA:9,8
DA:10,8
DA:13,5
DA:14,5
DA:16,3
DA:17,3
DA:20,8
DA:23,24
DA:25,30
LF:15
LH:15
BRF:0
BRH:0
end_of_record
TN:
SF:/Users/eliz/Documents/projects/remote-roofing-test/src/pages/Home.jsx
FN:4,(anonymous_0)
FNF:1
FNH:1
FNDA:2,(anonymous_0)
DA:4,1
DA:5,2
LF:2
LH:2
BRF:0
BRH:0
end_of_record
TN:
SF:/Users/eliz/Documents/projects/remote-roofing-test/src/pages/Movies.jsx
FN:4,(anonymous_0)
FNF:1
FNH:1
FNDA:1,(anonymous_0)
DA:4,1
DA:5,1
LF:2
LH:2
BRF:0
BRH:0
end_of_record
TN:
SF:/Users/eliz/Documents/projects/remote-roofing-test/src/pages/Series.jsx
FN:4,(anonymous_0)
FNF:1
FNH:1
FNDA:1,(anonymous_0)
DA:4,1
DA:5,1
LF:2
LH:2
BRF:0
BRH:0
end_of_record
TN:
SF:/Users/eliz/Documents/projects/remote-roofing-test/src/pages/index.js
FNF:0
FNH:0
LF:0
LH:0
BRF:0
BRH:0
end_of_record
